Determining if the pthread_create exist failed with the following output:
Change Dir: /home/sicong/polar_ba/cmake-build-debug/CMakeFiles/CMakeTmp

Run Build Command:"/usr/bin/make" "cmTryCompileExec4205131266/fast"
/usr/bin/make -f CMakeFiles/cmTryCompileExec4205131266.dir/build.make CMakeFiles/cmTryCompileExec4205131266.dir/build
make[1]: Entering directory `/home/sicong/polar_ba/cmake-build-debug/CMakeFiles/CMakeTmp'
/usr/bin/cmake -E cmake_progress_report /home/sicong/polar_ba/cmake-build-debug/CMakeFiles/CMakeTmp/CMakeFiles 1
Building C object CMakeFiles/cmTryCompileExec4205131266.dir/CheckSymbolExists.c.o
/usr/bin/cc    -o CMakeFiles/cmTryCompileExec4205131266.dir/CheckSymbolExists.c.o   -c /home/sicong/polar_ba/cmake-build-debug/CMakeFiles/CMakeTmp/CheckSymbolExists.c
Linking C executable cmTryCompileExec4205131266
/usr/bin/cmake -E cmake_link_script CMakeFiles/cmTryCompileExec4205131266.dir/link.txt --verbose=1
/usr/bin/cc       CMakeFiles/cmTryCompileExec4205131266.dir/CheckSymbolExists.c.o  -o cmTryCompileExec4205131266 -rdynamic 
CMakeFiles/cmTryCompileExec4205131266.dir/CheckSymbolExists.c.o: In function `main':
CheckSymbolExists.c:(.text+0x16): undefined reference to `pthread_create'
collect2: error: ld returned 1 exit status
make[1]: *** [cmTryCompileExec4205131266] Error 1
make[1]: Leaving directory `/home/sicong/polar_ba/cmake-build-debug/CMakeFiles/CMakeTmp'
make: *** [cmTryCompileExec4205131266/fast] Error 2

File /home/sicong/polar_ba/cmake-build-debug/CMakeFiles/CMakeTmp/CheckSymbolExists.c:
/* */
#include <pthread.h>

int main(int argc, char** argv)
{
  (void)argv;
#ifndef pthread_create
  return ((int*)(&pthread_create))[argc];
#else
  (void)argc;
  return 0;
#endif
}

Determining if the function pthread_create exists in the pthreads failed with the following output:
Change Dir: /home/sicong/polar_ba/cmake-build-debug/CMakeFiles/CMakeTmp

Run Build Command:"/usr/bin/make" "cmTryCompileExec1273862103/fast"
/usr/bin/make -f CMakeFiles/cmTryCompileExec1273862103.dir/build.make CMakeFiles/cmTryCompileExec1273862103.dir/build
make[1]: Entering directory `/home/sicong/polar_ba/cmake-build-debug/CMakeFiles/CMakeTmp'
/usr/bin/cmake -E cmake_progress_report /home/sicong/polar_ba/cmake-build-debug/CMakeFiles/CMakeTmp/CMakeFiles 1
Building C object CMakeFiles/cmTryCompileExec1273862103.dir/CheckFunctionExists.c.o
/usr/bin/cc   -DCHECK_FUNCTION_EXISTS=pthread_create   -o CMakeFiles/cmTryCompileExec1273862103.dir/CheckFunctionExists.c.o   -c /usr/share/cmake-3.0/Modules/CheckFunctionExists.c
Linking C executable cmTryCompileExec1273862103
/usr/bin/cmake -E cmake_link_script CMakeFiles/cmTryCompileExec1273862103.dir/link.txt --verbose=1
/usr/bin/cc   -DCHECK_FUNCTION_EXISTS=pthread_create    CMakeFiles/cmTryCompileExec1273862103.dir/CheckFunctionExists.c.o  -o cmTryCompileExec1273862103 -rdynamic -lpthreads 
/usr/bin/ld: cannot find -lpthreads
collect2: error: ld returned 1 exit status
make[1]: Leaving directory `/home/sicong/polar_ba/cmake-build-debug/CMakeFiles/CMakeTmp'
make[1]: *** [cmTryCompileExec1273862103] Error 1
make: *** [cmTryCompileExec1273862103/fast] Error 2


